{"uid":"4b4757e66a1912dae1a509f688f20b0f","name":"categories","children":[{"name":"Product defects","children":[{"name":"Menu Preference not visible after 30s","children":[{"name":"Beta 1 - Test Enable wifi settings","uid":"9e0956033d49555e","parentUid":"9f7ae7ed886605dcc214fe4786eadccb","status":"failed","time":{"start":1749696790943,"stop":1749696846355,"duration":55412},"flaky":false,"newFailed":false,"newPassed":false,"newBroken":false,"retriesCount":0,"retriesStatusChange":false,"parameters":[],"tags":[]}],"uid":"9f7ae7ed886605dcc214fe4786eadccb"},{"name":"Setup failed:\nWebDriverException: Message: An unknown server-side error occurred while processing the command. Original error: The instrumentation process cannot be initialized within 30000ms timeout. Make sure the application under test does not crash and investigate the logcat output. You could also try to increase the value of 'uiautomator2ServerLaunchTimeout' capability\nStacktrace:\nUnknownError: An unknown server-side error occurred while processing the command. Original error: The instrumentation process cannot be initialized within 30000ms timeout. Make sure the application under test does not crash and investigate the logcat output. You could also try to increase the value of 'uiautomator2ServerLaunchTimeout' capability\n    at getResponseForW3CError (/opt/hostedtoolcache/node/22.16.0/x64/lib/node_modules/appium/node_modules/@appium/base-driver/lib/protocol/errors.js:1143:9)\n    at asyncHandler (/opt/hostedtoolcache/node/22.16.0/x64/lib/node_modules/appium/node_modules/@appium/base-driver/lib/protocol/protocol.js:487:57)","children":[{"name":"Beta 2 - Test send message","uid":"3cebcf783a02a290","parentUid":"99b9f90b986319cfefc7154672f8d3a1","status":"failed","time":{"start":1749696846365,"stop":1749696887252,"duration":40887},"flaky":false,"newFailed":false,"newPassed":false,"newBroken":false,"retriesCount":0,"retriesStatusChange":false,"parameters":[],"tags":[]}],"uid":"99b9f90b986319cfefc7154672f8d3a1"},{"name":"Setup failed:\nWebDriverException: Message: An unknown server-side error occurred while processing the command. Original error: Error executing adbExec. Original error: 'Command '/usr/local/lib/android/sdk/platform-tools/adb -P 5037 -s emulator-5554 shell 'settings delete global hidden_api_policy_pre_p_apps;settings delete global hidden_api_policy_p_apps;settings delete global hidden_api_policy'' exited with code 1'; Command output: adb: device offline\n\nStacktrace:\nUnknownError: An unknown server-side error occurred while processing the command. Original error: Error executing adbExec. Original error: 'Command '/usr/local/lib/android/sdk/platform-tools/adb -P 5037 -s emulator-5554 shell 'settings delete global hidden_api_policy_pre_p_apps;settings delete global hidden_api_policy_p_apps;settings delete global hidden_api_policy'' exited with code 1'; Command output: adb: device offline\n\n    at getResponseForW3CError (/opt/hostedtoolcache/node/22.16.0/x64/lib/node_modules/appium/node_modules/@appium/base-driver/lib/protocol/errors.js:1143:9)\n    at asyncHandler (/opt/hostedtoolcache/node/22.16.0/x64/lib/node_modules/appium/node_modules/@appium/base-driver/lib/protocol/protocol.js:487:57)\n\nAlso teardown failed:\nSeveral failures occurred:\n\n1) CalledProcessError: Command '['adb', 'pull', '/data/local/tmp/Beta_3_-_Test_record_video.mp4', '/home/runner/work/test-uiautomator2-driver/test-uiautomator2-driver/TestRecord/Beta_3_-_Test_record_video.mp4']' returned non-zero exit status 1.\n\n2) File '/home/runner/work/test-uiautomator2-driver/test-uiautomator2-driver/TestRecord/Beta_3_-_Test_record_video.mp4' does not exist.\n\n3) FileNotFoundError: [Errno 2] No such file or directory: '/home/runner/work/test-uiautomator2-driver/test-uiautomator2-driver/TestRecord//Beta_3_-_Test_record_video.mp4'","children":[{"name":"Beta 3 - Test record video","uid":"cb8a1f1d4b52112c","parentUid":"8e56a8c65847f27093f298d1a90f7c9d","status":"failed","time":{"start":1749696887257,"stop":1749696892627,"duration":5370},"flaky":false,"newFailed":false,"newPassed":false,"newBroken":false,"retriesCount":0,"retriesStatusChange":false,"parameters":[],"tags":[]}],"uid":"8e56a8c65847f27093f298d1a90f7c9d"},{"name":"Teardown failed:\nFileNotFoundError: [Errno 2] No such file or directory: '/home/runner/work/test-uiautomator2-driver/test-uiautomator2-driver/TestRecord//Beta_5_-_This_test_only_available_for_android_15.mp4'","children":[{"name":"Beta 5 - This test only available for android 15","uid":"74014a570d1359db","parentUid":"6f250a158e30bc2c7d33d91427397e49","status":"failed","time":{"start":1749696896573,"stop":1749696910065,"duration":13492},"flaky":false,"newFailed":false,"newPassed":false,"newBroken":false,"retriesCount":0,"retriesStatusChange":false,"parameters":[],"tags":[]}],"uid":"6f250a158e30bc2c7d33d91427397e49"}],"uid":"8fb3a91ba5aaf9de24cc8a92edc82b5d"}]}